2020-11-6 15:28:46 main INFO Starting DockerApplication on DESKTOP-3IT7K55 with PID 26480 (D:\idea_poj\testdocker\target\classes started by HP in D:\idea_poj\testdocker)
2020-11-6 15:28:46 main INFO No active profile set, falling back to default profiles: default
2020-11-6 15:28:48 main INFO Tomcat initialized with port(s): 10001 (http)
2020-11-6 15:28:48 main INFO Starting service [Tomcat]
2020-11-6 15:28:48 main INFO Starting Servlet engine: [Apache Tomcat/9.0.16]
2020-11-6 15:28:48 main INFO The APR based Apache Tomcat Native library which allows optimal performance in production environments was not found on the java.library.path: [D:\java\jdk1.8.0_231\bin;C:\Windows\Sun\Java\bin;C:\Windows\system32;C:\Windows;D:\xshell6\;C:\Program Files (x86)\Common Files\Oracle\Java\javapath;C:\Windows\system32;C:\Windows;C:\Windows\System32\Wbem;C:\Windows\System32\WindowsPowerShell\v1.0\;C:\Windows\System32\OpenSSH\;D:\java\jdk1.8.0_231\bin;D:\java\jdk1.8.0_231\jre\bin;D:\Git\cmd;D:\mysql-5.7.30-winx64\bin;D:\rocketmq-all-4.7.1-bin-release\bin;C:\Program Files\Docker\Docker\resources\bin;C:\ProgramData\DockerDesktop\version-bin;D:\apache-maven-3.6.1\bin;C:\Users\HP\AppData\Local\Microsoft\WindowsApps;;.]
2020-11-6 15:28:48 main INFO Initializing Spring embedded WebApplicationContext
2020-11-6 15:28:48 main INFO Root WebApplicationContext: initialization completed in 1444 ms
2020-11-6 15:28:48 main INFO Initializing ExecutorService 'applicationTaskExecutor'
2020-11-6 15:28:48 main INFO Tomcat started on port(s): 10001 (http) with context path ''
2020-11-6 15:28:48 main INFO Started DockerApplication in 2.127 seconds (JVM running for 3.1)
2020-11-6 15:30:19 http-nio-10001-exec-1 INFO Initializing Spring DispatcherServlet 'dispatcherServlet'
2020-11-6 15:30:19 http-nio-10001-exec-1 INFO Initializing Servlet 'dispatcherServlet'
2020-11-6 15:30:19 http-nio-10001-exec-1 INFO Completed initialization in 4 ms
2020-11-6 15:30:19 http-nio-10001-exec-1 INFO 测试ELK:1604647819202
2020-11-6 16:37:47 http-nio-10001-exec-9 INFO 测试ELK:1604651867835
2020-11-6 16:37:47 http-nio-10001-exec-4 INFO 测试ELK:1604651867998
2020-11-6 16:37:48 http-nio-10001-exec-2 INFO 测试ELK:1604651868168
2020-11-6 16:38:34 http-nio-10001-exec-1 INFO 测试ELK:1604651914644
2020-11-6 16:38:34 http-nio-10001-exec-5 INFO 测试ELK:1604651914833
2020-11-6 16:38:35 http-nio-10001-exec-9 INFO 测试ELK:1604651915017
2020-11-6 16:38:35 http-nio-10001-exec-4 INFO 测试ELK:1604651915202
2020-11-6 16:38:35 http-nio-10001-exec-2 INFO 测试ELK:1604651915374
2020-11-6 16:38:35 http-nio-10001-exec-1 INFO 测试ELK:1604651915559
2020-11-6 16:46:02 http-nio-10001-exec-9 INFO 测试ELK:1604652362848
2020-11-6 16:46:03 http-nio-10001-exec-4 INFO 测试ELK:1604652363056
2020-11-6 16:46:03 http-nio-10001-exec-2 INFO 测试ELK:1604652363225
2020-11-6 16:46:03 http-nio-10001-exec-1 INFO 测试ELK:1604652363408
2020-11-6 16:46:03 http-nio-10001-exec-5 INFO 测试ELK:1604652363560
