2021-2-2 11:02:26 main INFO Starting DockerApplication on DESKTOP-3IT7K55 with PID 21832 (D:\idea_poj\testdocker\target\classes started by HP in D:\idea_poj\testdocker)
2021-2-2 11:02:26 main INFO No active profile set, falling back to default profiles: default
2021-2-2 11:02:27 main INFO Tomcat initialized with port(s): 10001 (http)
2021-2-2 11:02:27 main INFO Starting service [Tomcat]
2021-2-2 11:02:27 main INFO Starting Servlet engine: [Apache Tomcat/9.0.16]
2021-2-2 11:02:27 main INFO The APR based Apache Tomcat Native library which allows optimal performance in production environments was not found on the java.library.path: [D:\java\jdk1.8.0_231\bin;C:\Windows\Sun\Java\bin;C:\Windows\system32;C:\Windows;D:\xshell6\;C:\Program Files (x86)\Common Files\Oracle\Java\javapath;C:\Windows\system32;C:\Windows;C:\Windows\System32\Wbem;C:\Windows\System32\WindowsPowerShell\v1.0\;C:\Windows\System32\OpenSSH\;D:\java\jdk1.8.0_231\bin;D:\java\jdk1.8.0_231\jre\bin;D:\Git\cmd;D:\mysql-5.7.30-winx64\bin;D:\rocketmq-all-4.7.1-bin-release\bin;D:\apache-maven-3.6.1\bin;D:\redis\redis;D:\rabbitmq\erl-23.1\bin;D:\rabbitmq\rabbitmq-server-3.8.9\rabbitmq_server-3.8.9\sbin;;C:\Program Files\Docker\Docker\resources\bin;C:\ProgramData\DockerDesktop\version-bin;C:\Users\HP\AppData\Local\Microsoft\WindowsApps;;.]
2021-2-2 11:02:27 main INFO Initializing Spring embedded WebApplicationContext
2021-2-2 11:02:27 main INFO Root WebApplicationContext: initialization completed in 1525 ms
2021-2-2 11:02:28 main INFO Initializing ExecutorService 'applicationTaskExecutor'
2021-2-2 11:02:28 main INFO Tomcat started on port(s): 10001 (http) with context path ''
2021-2-2 11:02:28 main INFO Started DockerApplication in 2.322 seconds (JVM running for 3.053)
2021-2-2 11:02:59 http-nio-10001-exec-1 INFO Initializing Spring DispatcherServlet 'dispatcherServlet'
2021-2-2 11:02:59 http-nio-10001-exec-1 INFO Initializing Servlet 'dispatcherServlet'
2021-2-2 11:02:59 http-nio-10001-exec-1 INFO Completed initialization in 8 ms
2021-2-2 14:25:49 Thread-4 INFO Shutting down ExecutorService 'applicationTaskExecutor'
2021-2-2 14:25:53 main INFO Starting DockerApplication on DESKTOP-3IT7K55 with PID 21968 (D:\idea_poj\testdocker\target\classes started by HP in D:\idea_poj\testdocker)
2021-2-2 14:25:53 main INFO No active profile set, falling back to default profiles: default
2021-2-2 14:25:55 main INFO Tomcat initialized with port(s): 10001 (http)
2021-2-2 14:25:55 main INFO Starting service [Tomcat]
2021-2-2 14:25:55 main INFO Starting Servlet engine: [Apache Tomcat/9.0.16]
2021-2-2 14:25:55 main INFO The APR based Apache Tomcat Native library which allows optimal performance in production environments was not found on the java.library.path: [D:\java\jdk1.8.0_231\bin;C:\Windows\Sun\Java\bin;C:\Windows\system32;C:\Windows;D:\xshell6\;C:\Program Files (x86)\Common Files\Oracle\Java\javapath;C:\Windows\system32;C:\Windows;C:\Windows\System32\Wbem;C:\Windows\System32\WindowsPowerShell\v1.0\;C:\Windows\System32\OpenSSH\;D:\java\jdk1.8.0_231\bin;D:\java\jdk1.8.0_231\jre\bin;D:\Git\cmd;D:\mysql-5.7.30-winx64\bin;D:\rocketmq-all-4.7.1-bin-release\bin;D:\apache-maven-3.6.1\bin;D:\redis\redis;D:\rabbitmq\erl-23.1\bin;D:\rabbitmq\rabbitmq-server-3.8.9\rabbitmq_server-3.8.9\sbin;;C:\Program Files\Docker\Docker\resources\bin;C:\ProgramData\DockerDesktop\version-bin;C:\Users\HP\AppData\Local\Microsoft\WindowsApps;;.]
2021-2-2 14:25:55 main INFO Initializing Spring embedded WebApplicationContext
2021-2-2 14:25:55 main INFO Root WebApplicationContext: initialization completed in 1487 ms
2021-2-2 14:26:11 main INFO Initializing ExecutorService 'applicationTaskExecutor'
2021-2-2 14:26:12 main INFO Tomcat started on port(s): 10001 (http) with context path ''
2021-2-2 14:26:12 main INFO Started DockerApplication in 19.019 seconds (JVM running for 19.822)
2021-2-2 14:27:32 http-nio-10001-exec-4 INFO Initializing Spring DispatcherServlet 'dispatcherServlet'
2021-2-2 14:27:32 http-nio-10001-exec-4 INFO Initializing Servlet 'dispatcherServlet'
2021-2-2 14:27:32 http-nio-10001-exec-4 INFO Completed initialization in 28 ms
2021-2-2 14:27:41 http-nio-10001-exec-9 ERROR Servlet.service() for servlet [dispatcherServlet] in context with path [] threw exception [Request processing failed; nested exception is java.lang.NullPointerException] with root cause
java.lang.NullPointerException: null
	at com.sso.springioc.Test.doSomething(Test.java:29)
	at sun.reflect.NativeMethodAccessorImpl.invoke0(Native Method)
	at sun.reflect.NativeMethodAccessorImpl.invoke(NativeMethodAccessorImpl.java:62)
	at sun.reflect.DelegatingMethodAccessorImpl.invoke(DelegatingMethodAccessorImpl.java:43)
	at java.lang.reflect.Method.invoke(Method.java:498)
	at org.springframework.web.method.support.InvocableHandlerMethod.doInvoke(InvocableHandlerMethod.java:189)
	at org.springframework.web.method.support.InvocableHandlerMethod.invokeForRequest(InvocableHandlerMethod.java:138)
	at org.springframework.web.servlet.mvc.method.annotation.ServletInvocableHandlerMethod.invokeAndHandle(ServletInvocableHandlerMethod.java:102)
	at org.springframework.web.servlet.mvc.method.annotation.RequestMappingHandlerAdapter.invokeHandlerMethod(RequestMappingHandlerAdapter.java:895)
	at org.springframework.web.servlet.mvc.method.annotation.RequestMappingHandlerAdapter.handleInternal(RequestMappingHandlerAdapter.java:800)
	at org.springframework.web.servlet.mvc.method.AbstractHandlerMethodAdapter.handle(AbstractHandlerMethodAdapter.java:87)
	at org.springframework.web.servlet.DispatcherServlet.doDispatch(DispatcherServlet.java:1038)
	at org.springframework.web.servlet.DispatcherServlet.doService(DispatcherServlet.java:942)
	at org.springframework.web.servlet.FrameworkServlet.processRequest(FrameworkServlet.java:1005)
	at org.springframework.web.servlet.FrameworkServlet.doGet(FrameworkServlet.java:897)
	at javax.servlet.http.HttpServlet.service(HttpServlet.java:634)
	at org.springframework.web.servlet.FrameworkServlet.service(FrameworkServlet.java:882)
	at javax.servlet.http.HttpServlet.service(HttpServlet.java:741)
	at org.apache.catalina.core.ApplicationFilterChain.internalDoFilter(ApplicationFilterChain.java:231)
	at org.apache.catalina.core.ApplicationFilterChain.doFilter(ApplicationFilterChain.java:166)
	at org.apache.tomcat.websocket.server.WsFilter.doFilter(WsFilter.java:53)
	at org.apache.catalina.core.ApplicationFilterChain.internalDoFilter(ApplicationFilterChain.java:193)
	at org.apache.catalina.core.ApplicationFilterChain.doFilter(ApplicationFilterChain.java:166)
	at org.springframework.web.filter.RequestContextFilter.doFilterInternal(RequestContextFilter.java:99)
	at org.springframework.web.filter.OncePerRequestFilter.doFilter(OncePerRequestFilter.java:107)
	at org.apache.catalina.core.ApplicationFilterChain.internalDoFilter(ApplicationFilterChain.java:193)
	at org.apache.catalina.core.ApplicationFilterChain.doFilter(ApplicationFilterChain.java:166)
	at org.springframework.web.filter.FormContentFilter.doFilterInternal(FormContentFilter.java:92)
	at org.springframework.web.filter.OncePerRequestFilter.doFilter(OncePerRequestFilter.java:107)
	at org.apache.catalina.core.ApplicationFilterChain.internalDoFilter(ApplicationFilterChain.java:193)
	at org.apache.catalina.core.ApplicationFilterChain.doFilter(ApplicationFilterChain.java:166)
	at org.springframework.web.filter.HiddenHttpMethodFilter.doFilterInternal(HiddenHttpMethodFilter.java:93)
	at org.springframework.web.filter.OncePerRequestFilter.doFilter(OncePerRequestFilter.java:107)
	at org.apache.catalina.core.ApplicationFilterChain.internalDoFilter(ApplicationFilterChain.java:193)
	at org.apache.catalina.core.ApplicationFilterChain.doFilter(ApplicationFilterChain.java:166)
	at org.springframework.web.filter.CharacterEncodingFilter.doFilterInternal(CharacterEncodingFilter.java:200)
	at org.springframework.web.filter.OncePerRequestFilter.doFilter(OncePerRequestFilter.java:107)
	at org.apache.catalina.core.ApplicationFilterChain.internalDoFilter(ApplicationFilterChain.java:193)
	at org.apache.catalina.core.ApplicationFilterChain.doFilter(ApplicationFilterChain.java:166)
	at org.apache.catalina.core.StandardWrapperValve.invoke(StandardWrapperValve.java:200)
	at org.apache.catalina.core.StandardContextValve.invoke(StandardContextValve.java:96)
	at org.apache.catalina.authenticator.AuthenticatorBase.invoke(AuthenticatorBase.java:490)
	at org.apache.catalina.core.StandardHostValve.invoke(StandardHostValve.java:139)
	at org.apache.catalina.valves.ErrorReportValve.invoke(ErrorReportValve.java:92)
	at org.apache.catalina.core.StandardEngineValve.invoke(StandardEngineValve.java:74)
	at org.apache.catalina.connector.CoyoteAdapter.service(CoyoteAdapter.java:343)
	at org.apache.coyote.http11.Http11Processor.service(Http11Processor.java:408)
	at org.apache.coyote.AbstractProcessorLight.process(AbstractProcessorLight.java:66)
	at org.apache.coyote.AbstractProtocol$ConnectionHandler.process(AbstractProtocol.java:834)
	at org.apache.tomcat.util.net.NioEndpoint$SocketProcessor.doRun(NioEndpoint.java:1415)
	at org.apache.tomcat.util.net.SocketProcessorBase.run(SocketProcessorBase.java:49)
	at java.util.concurrent.ThreadPoolExecutor.runWorker(ThreadPoolExecutor.java:1149)
	at java.util.concurrent.ThreadPoolExecutor$Worker.run(ThreadPoolExecutor.java:624)
	at org.apache.tomcat.util.threads.TaskThread$WrappingRunnable.run(TaskThread.java:61)
	at java.lang.Thread.run(Thread.java:748)
2021-2-2 15:19:02 Thread-4 INFO Shutting down ExecutorService 'applicationTaskExecutor'
2021-2-2 15:19:06 main INFO Starting DockerApplication on DESKTOP-3IT7K55 with PID 25904 (D:\idea_poj\testdocker\target\classes started by HP in D:\idea_poj\testdocker)
2021-2-2 15:19:06 main INFO No active profile set, falling back to default profiles: default
2021-2-2 15:19:08 main INFO Tomcat initialized with port(s): 10001 (http)
2021-2-2 15:19:08 main INFO Starting service [Tomcat]
2021-2-2 15:19:08 main INFO Starting Servlet engine: [Apache Tomcat/9.0.16]
2021-2-2 15:19:08 main INFO The APR based Apache Tomcat Native library which allows optimal performance in production environments was not found on the java.library.path: [D:\java\jdk1.8.0_231\bin;C:\Windows\Sun\Java\bin;C:\Windows\system32;C:\Windows;D:\xshell6\;C:\Program Files (x86)\Common Files\Oracle\Java\javapath;C:\Windows\system32;C:\Windows;C:\Windows\System32\Wbem;C:\Windows\System32\WindowsPowerShell\v1.0\;C:\Windows\System32\OpenSSH\;D:\java\jdk1.8.0_231\bin;D:\java\jdk1.8.0_231\jre\bin;D:\Git\cmd;D:\mysql-5.7.30-winx64\bin;D:\rocketmq-all-4.7.1-bin-release\bin;D:\apache-maven-3.6.1\bin;D:\redis\redis;D:\rabbitmq\erl-23.1\bin;D:\rabbitmq\rabbitmq-server-3.8.9\rabbitmq_server-3.8.9\sbin;;C:\Program Files\Docker\Docker\resources\bin;C:\ProgramData\DockerDesktop\version-bin;C:\Users\HP\AppData\Local\Microsoft\WindowsApps;;.]
2021-2-2 15:19:08 main INFO Initializing Spring embedded WebApplicationContext
2021-2-2 15:19:08 main INFO Root WebApplicationContext: initialization completed in 1487 ms
2021-2-2 15:19:09 main INFO Initializing ExecutorService 'applicationTaskExecutor'
2021-2-2 15:19:10 main INFO Tomcat started on port(s): 10001 (http) with context path ''
2021-2-2 15:19:10 main INFO Started DockerApplication in 3.945 seconds (JVM running for 4.898)
2021-2-2 15:19:39 http-nio-10001-exec-1 INFO Initializing Spring DispatcherServlet 'dispatcherServlet'
2021-2-2 15:19:39 http-nio-10001-exec-1 INFO Initializing Servlet 'dispatcherServlet'
2021-2-2 15:19:39 http-nio-10001-exec-1 INFO Completed initialization in 31 ms
2021-2-2 15:20:05 Thread-4 INFO Shutting down ExecutorService 'applicationTaskExecutor'
2021-2-2 15:20:09 main INFO Starting DockerApplication on DESKTOP-3IT7K55 with PID 10200 (D:\idea_poj\testdocker\target\classes started by HP in D:\idea_poj\testdocker)
2021-2-2 15:20:09 main INFO No active profile set, falling back to default profiles: default
2021-2-2 15:20:11 main INFO Tomcat initialized with port(s): 10001 (http)
2021-2-2 15:20:11 main INFO Starting service [Tomcat]
2021-2-2 15:20:11 main INFO Starting Servlet engine: [Apache Tomcat/9.0.16]
2021-2-2 15:20:11 main INFO The APR based Apache Tomcat Native library which allows optimal performance in production environments was not found on the java.library.path: [D:\java\jdk1.8.0_231\bin;C:\Windows\Sun\Java\bin;C:\Windows\system32;C:\Windows;D:\xshell6\;C:\Program Files (x86)\Common Files\Oracle\Java\javapath;C:\Windows\system32;C:\Windows;C:\Windows\System32\Wbem;C:\Windows\System32\WindowsPowerShell\v1.0\;C:\Windows\System32\OpenSSH\;D:\java\jdk1.8.0_231\bin;D:\java\jdk1.8.0_231\jre\bin;D:\Git\cmd;D:\mysql-5.7.30-winx64\bin;D:\rocketmq-all-4.7.1-bin-release\bin;D:\apache-maven-3.6.1\bin;D:\redis\redis;D:\rabbitmq\erl-23.1\bin;D:\rabbitmq\rabbitmq-server-3.8.9\rabbitmq_server-3.8.9\sbin;;C:\Program Files\Docker\Docker\resources\bin;C:\ProgramData\DockerDesktop\version-bin;C:\Users\HP\AppData\Local\Microsoft\WindowsApps;;.]
2021-2-2 15:20:11 main INFO Initializing Spring embedded WebApplicationContext
2021-2-2 15:20:11 main INFO Root WebApplicationContext: initialization completed in 1839 ms
2021-2-2 15:20:12 main INFO Initializing ExecutorService 'applicationTaskExecutor'
2021-2-2 15:20:14 main INFO Tomcat started on port(s): 10001 (http) with context path ''
2021-2-2 15:20:14 main INFO Started DockerApplication in 5.102 seconds (JVM running for 6.032)
2021-2-2 15:25:24 http-nio-10001-exec-1 INFO Initializing Spring DispatcherServlet 'dispatcherServlet'
2021-2-2 15:25:24 http-nio-10001-exec-1 INFO Initializing Servlet 'dispatcherServlet'
2021-2-2 15:25:24 http-nio-10001-exec-1 INFO Completed initialization in 27 ms
2021-2-2 15:30:48 Thread-4 INFO Shutting down ExecutorService 'applicationTaskExecutor'
2021-2-2 15:30:52 main INFO Starting DockerApplication on DESKTOP-3IT7K55 with PID 26320 (D:\idea_poj\testdocker\target\classes started by HP in D:\idea_poj\testdocker)
2021-2-2 15:30:52 main INFO No active profile set, falling back to default profiles: default
2021-2-2 15:30:53 main INFO Tomcat initialized with port(s): 10001 (http)
2021-2-2 15:30:53 main INFO Starting service [Tomcat]
2021-2-2 15:30:53 main INFO Starting Servlet engine: [Apache Tomcat/9.0.16]
2021-2-2 15:30:53 main INFO The APR based Apache Tomcat Native library which allows optimal performance in production environments was not found on the java.library.path: [D:\java\jdk1.8.0_231\bin;C:\Windows\Sun\Java\bin;C:\Windows\system32;C:\Windows;D:\xshell6\;C:\Program Files (x86)\Common Files\Oracle\Java\javapath;C:\Windows\system32;C:\Windows;C:\Windows\System32\Wbem;C:\Windows\System32\WindowsPowerShell\v1.0\;C:\Windows\System32\OpenSSH\;D:\java\jdk1.8.0_231\bin;D:\java\jdk1.8.0_231\jre\bin;D:\Git\cmd;D:\mysql-5.7.30-winx64\bin;D:\rocketmq-all-4.7.1-bin-release\bin;D:\apache-maven-3.6.1\bin;D:\redis\redis;D:\rabbitmq\erl-23.1\bin;D:\rabbitmq\rabbitmq-server-3.8.9\rabbitmq_server-3.8.9\sbin;;C:\Program Files\Docker\Docker\resources\bin;C:\ProgramData\DockerDesktop\version-bin;C:\Users\HP\AppData\Local\Microsoft\WindowsApps;;.]
2021-2-2 15:30:53 main INFO Initializing Spring embedded WebApplicationContext
2021-2-2 15:30:53 main INFO Root WebApplicationContext: initialization completed in 1454 ms
2021-2-2 15:36:24 main INFO Initializing ExecutorService 'applicationTaskExecutor'
2021-2-2 15:36:24 main INFO Tomcat started on port(s): 10001 (http) with context path ''
2021-2-2 15:36:24 main INFO Started DockerApplication in 332.713 seconds (JVM running for 333.49)
2021-2-2 15:36:37 http-nio-10001-exec-1 INFO Initializing Spring DispatcherServlet 'dispatcherServlet'
2021-2-2 15:36:37 http-nio-10001-exec-1 INFO Initializing Servlet 'dispatcherServlet'
2021-2-2 15:36:37 http-nio-10001-exec-1 INFO Completed initialization in 8 ms
2021-2-2 15:37:30 Thread-4 INFO Shutting down ExecutorService 'applicationTaskExecutor'
2021-2-2 15:37:34 main INFO Starting DockerApplication on DESKTOP-3IT7K55 with PID 21368 (D:\idea_poj\testdocker\target\classes started by HP in D:\idea_poj\testdocker)
2021-2-2 15:37:34 main INFO No active profile set, falling back to default profiles: default
2021-2-2 15:37:35 main INFO Tomcat initialized with port(s): 10001 (http)
2021-2-2 15:37:35 main INFO Starting service [Tomcat]
2021-2-2 15:37:35 main INFO Starting Servlet engine: [Apache Tomcat/9.0.16]
2021-2-2 15:37:35 main INFO The APR based Apache Tomcat Native library which allows optimal performance in production environments was not found on the java.library.path: [D:\java\jdk1.8.0_231\bin;C:\Windows\Sun\Java\bin;C:\Windows\system32;C:\Windows;D:\xshell6\;C:\Program Files (x86)\Common Files\Oracle\Java\javapath;C:\Windows\system32;C:\Windows;C:\Windows\System32\Wbem;C:\Windows\System32\WindowsPowerShell\v1.0\;C:\Windows\System32\OpenSSH\;D:\java\jdk1.8.0_231\bin;D:\java\jdk1.8.0_231\jre\bin;D:\Git\cmd;D:\mysql-5.7.30-winx64\bin;D:\rocketmq-all-4.7.1-bin-release\bin;D:\apache-maven-3.6.1\bin;D:\redis\redis;D:\rabbitmq\erl-23.1\bin;D:\rabbitmq\rabbitmq-server-3.8.9\rabbitmq_server-3.8.9\sbin;;C:\Program Files\Docker\Docker\resources\bin;C:\ProgramData\DockerDesktop\version-bin;C:\Users\HP\AppData\Local\Microsoft\WindowsApps;;.]
2021-2-2 15:37:35 main INFO Initializing Spring embedded WebApplicationContext
2021-2-2 15:37:35 main INFO Root WebApplicationContext: initialization completed in 1449 ms
2021-2-2 15:37:36 main INFO Initializing ExecutorService 'applicationTaskExecutor'
2021-2-2 15:37:36 main INFO Tomcat started on port(s): 10001 (http) with context path ''
2021-2-2 15:37:36 main INFO Started DockerApplication in 2.913 seconds (JVM running for 3.626)
2021-2-2 15:37:54 http-nio-10001-exec-1 INFO Initializing Spring DispatcherServlet 'dispatcherServlet'
2021-2-2 15:37:54 http-nio-10001-exec-1 INFO Initializing Servlet 'dispatcherServlet'
2021-2-2 15:37:54 http-nio-10001-exec-1 INFO Completed initialization in 7 ms
2021-2-2 15:38:14 http-nio-10001-exec-1 ERROR Servlet.service() for servlet [dispatcherServlet] in context with path [] threw exception [Request processing failed; nested exception is java.lang.NullPointerException] with root cause
java.lang.NullPointerException: null
	at com.sso.springioc.Test.doSomething(Test.java:35)
	at sun.reflect.NativeMethodAccessorImpl.invoke0(Native Method)
	at sun.reflect.NativeMethodAccessorImpl.invoke(NativeMethodAccessorImpl.java:62)
	at sun.reflect.DelegatingMethodAccessorImpl.invoke(DelegatingMethodAccessorImpl.java:43)
	at java.lang.reflect.Method.invoke(Method.java:498)
	at org.springframework.web.method.support.InvocableHandlerMethod.doInvoke(InvocableHandlerMethod.java:189)
	at org.springframework.web.method.support.InvocableHandlerMethod.invokeForRequest(InvocableHandlerMethod.java:138)
	at org.springframework.web.servlet.mvc.method.annotation.ServletInvocableHandlerMethod.invokeAndHandle(ServletInvocableHandlerMethod.java:102)
	at org.springframework.web.servlet.mvc.method.annotation.RequestMappingHandlerAdapter.invokeHandlerMethod(RequestMappingHandlerAdapter.java:895)
	at org.springframework.web.servlet.mvc.method.annotation.RequestMappingHandlerAdapter.handleInternal(RequestMappingHandlerAdapter.java:800)
	at org.springframework.web.servlet.mvc.method.AbstractHandlerMethodAdapter.handle(AbstractHandlerMethodAdapter.java:87)
	at org.springframework.web.servlet.DispatcherServlet.doDispatch(DispatcherServlet.java:1038)
	at org.springframework.web.servlet.DispatcherServlet.doService(DispatcherServlet.java:942)
	at org.springframework.web.servlet.FrameworkServlet.processRequest(FrameworkServlet.java:1005)
	at org.springframework.web.servlet.FrameworkServlet.doGet(FrameworkServlet.java:897)
	at javax.servlet.http.HttpServlet.service(HttpServlet.java:634)
	at org.springframework.web.servlet.FrameworkServlet.service(FrameworkServlet.java:882)
	at javax.servlet.http.HttpServlet.service(HttpServlet.java:741)
	at org.apache.catalina.core.ApplicationFilterChain.internalDoFilter(ApplicationFilterChain.java:231)
	at org.apache.catalina.core.ApplicationFilterChain.doFilter(ApplicationFilterChain.java:166)
	at org.apache.tomcat.websocket.server.WsFilter.doFilter(WsFilter.java:53)
	at org.apache.catalina.core.ApplicationFilterChain.internalDoFilter(ApplicationFilterChain.java:193)
	at org.apache.catalina.core.ApplicationFilterChain.doFilter(ApplicationFilterChain.java:166)
	at org.springframework.web.filter.RequestContextFilter.doFilterInternal(RequestContextFilter.java:99)
	at org.springframework.web.filter.OncePerRequestFilter.doFilter(OncePerRequestFilter.java:107)
	at org.apache.catalina.core.ApplicationFilterChain.internalDoFilter(ApplicationFilterChain.java:193)
	at org.apache.catalina.core.ApplicationFilterChain.doFilter(ApplicationFilterChain.java:166)
	at org.springframework.web.filter.FormContentFilter.doFilterInternal(FormContentFilter.java:92)
	at org.springframework.web.filter.OncePerRequestFilter.doFilter(OncePerRequestFilter.java:107)
	at org.apache.catalina.core.ApplicationFilterChain.internalDoFilter(ApplicationFilterChain.java:193)
	at org.apache.catalina.core.ApplicationFilterChain.doFilter(ApplicationFilterChain.java:166)
	at org.springframework.web.filter.HiddenHttpMethodFilter.doFilterInternal(HiddenHttpMethodFilter.java:93)
	at org.springframework.web.filter.OncePerRequestFilter.doFilter(OncePerRequestFilter.java:107)
	at org.apache.catalina.core.ApplicationFilterChain.internalDoFilter(ApplicationFilterChain.java:193)
	at org.apache.catalina.core.ApplicationFilterChain.doFilter(ApplicationFilterChain.java:166)
	at org.springframework.web.filter.CharacterEncodingFilter.doFilterInternal(CharacterEncodingFilter.java:200)
	at org.springframework.web.filter.OncePerRequestFilter.doFilter(OncePerRequestFilter.java:107)
	at org.apache.catalina.core.ApplicationFilterChain.internalDoFilter(ApplicationFilterChain.java:193)
	at org.apache.catalina.core.ApplicationFilterChain.doFilter(ApplicationFilterChain.java:166)
	at org.apache.catalina.core.StandardWrapperValve.invoke(StandardWrapperValve.java:200)
	at org.apache.catalina.core.StandardContextValve.invoke(StandardContextValve.java:96)
	at org.apache.catalina.authenticator.AuthenticatorBase.invoke(AuthenticatorBase.java:490)
	at org.apache.catalina.core.StandardHostValve.invoke(StandardHostValve.java:139)
	at org.apache.catalina.valves.ErrorReportValve.invoke(ErrorReportValve.java:92)
	at org.apache.catalina.core.StandardEngineValve.invoke(StandardEngineValve.java:74)
	at org.apache.catalina.connector.CoyoteAdapter.service(CoyoteAdapter.java:343)
	at org.apache.coyote.http11.Http11Processor.service(Http11Processor.java:408)
	at org.apache.coyote.AbstractProcessorLight.process(AbstractProcessorLight.java:66)
	at org.apache.coyote.AbstractProtocol$ConnectionHandler.process(AbstractProtocol.java:834)
	at org.apache.tomcat.util.net.NioEndpoint$SocketProcessor.doRun(NioEndpoint.java:1415)
	at org.apache.tomcat.util.net.SocketProcessorBase.run(SocketProcessorBase.java:49)
	at java.util.concurrent.ThreadPoolExecutor.runWorker(ThreadPoolExecutor.java:1149)
	at java.util.concurrent.ThreadPoolExecutor$Worker.run(ThreadPoolExecutor.java:624)
	at org.apache.tomcat.util.threads.TaskThread$WrappingRunnable.run(TaskThread.java:61)
	at java.lang.Thread.run(Thread.java:748)
2021-2-2 15:46:30 Thread-4 INFO Shutting down ExecutorService 'applicationTaskExecutor'
2021-2-2 15:46:34 main INFO Starting DockerApplication on DESKTOP-3IT7K55 with PID 26160 (D:\idea_poj\testdocker\target\classes started by HP in D:\idea_poj\testdocker)
2021-2-2 15:46:34 main INFO No active profile set, falling back to default profiles: default
2021-2-2 15:46:36 main INFO Tomcat initialized with port(s): 10001 (http)
2021-2-2 15:46:36 main INFO Starting service [Tomcat]
2021-2-2 15:46:36 main INFO Starting Servlet engine: [Apache Tomcat/9.0.16]
2021-2-2 15:46:36 main INFO The APR based Apache Tomcat Native library which allows optimal performance in production environments was not found on the java.library.path: [D:\java\jdk1.8.0_231\bin;C:\Windows\Sun\Java\bin;C:\Windows\system32;C:\Windows;D:\xshell6\;C:\Program Files (x86)\Common Files\Oracle\Java\javapath;C:\Windows\system32;C:\Windows;C:\Windows\System32\Wbem;C:\Windows\System32\WindowsPowerShell\v1.0\;C:\Windows\System32\OpenSSH\;D:\java\jdk1.8.0_231\bin;D:\java\jdk1.8.0_231\jre\bin;D:\Git\cmd;D:\mysql-5.7.30-winx64\bin;D:\rocketmq-all-4.7.1-bin-release\bin;D:\apache-maven-3.6.1\bin;D:\redis\redis;D:\rabbitmq\erl-23.1\bin;D:\rabbitmq\rabbitmq-server-3.8.9\rabbitmq_server-3.8.9\sbin;;C:\Program Files\Docker\Docker\resources\bin;C:\ProgramData\DockerDesktop\version-bin;C:\Users\HP\AppData\Local\Microsoft\WindowsApps;;.]
2021-2-2 15:46:36 main INFO Initializing Spring embedded WebApplicationContext
2021-2-2 15:46:36 main INFO Root WebApplicationContext: initialization completed in 1617 ms
2021-2-2 15:46:41 main INFO Initializing ExecutorService 'applicationTaskExecutor'
2021-2-2 15:46:41 main INFO Tomcat started on port(s): 10001 (http) with context path ''
2021-2-2 15:46:41 main INFO Started DockerApplication in 7.398 seconds (JVM running for 8.259)
2021-2-2 15:46:49 http-nio-10001-exec-2 INFO Initializing Spring DispatcherServlet 'dispatcherServlet'
2021-2-2 15:46:49 http-nio-10001-exec-2 INFO Initializing Servlet 'dispatcherServlet'
2021-2-2 15:46:49 http-nio-10001-exec-2 INFO Completed initialization in 3 ms
2021-2-2 15:50:40 Thread-4 INFO Shutting down ExecutorService 'applicationTaskExecutor'
2021-2-2 15:50:44 main INFO Starting DockerApplication on DESKTOP-3IT7K55 with PID 23732 (D:\idea_poj\testdocker\target\classes started by HP in D:\idea_poj\testdocker)
2021-2-2 15:50:44 main INFO No active profile set, falling back to default profiles: default
2021-2-2 15:50:46 main INFO Tomcat initialized with port(s): 10001 (http)
2021-2-2 15:50:46 main INFO Starting service [Tomcat]
2021-2-2 15:50:46 main INFO Starting Servlet engine: [Apache Tomcat/9.0.16]
2021-2-2 15:50:46 main INFO The APR based Apache Tomcat Native library which allows optimal performance in production environments was not found on the java.library.path: [D:\java\jdk1.8.0_231\bin;C:\Windows\Sun\Java\bin;C:\Windows\system32;C:\Windows;D:\xshell6\;C:\Program Files (x86)\Common Files\Oracle\Java\javapath;C:\Windows\system32;C:\Windows;C:\Windows\System32\Wbem;C:\Windows\System32\WindowsPowerShell\v1.0\;C:\Windows\System32\OpenSSH\;D:\java\jdk1.8.0_231\bin;D:\java\jdk1.8.0_231\jre\bin;D:\Git\cmd;D:\mysql-5.7.30-winx64\bin;D:\rocketmq-all-4.7.1-bin-release\bin;D:\apache-maven-3.6.1\bin;D:\redis\redis;D:\rabbitmq\erl-23.1\bin;D:\rabbitmq\rabbitmq-server-3.8.9\rabbitmq_server-3.8.9\sbin;;C:\Program Files\Docker\Docker\resources\bin;C:\ProgramData\DockerDesktop\version-bin;C:\Users\HP\AppData\Local\Microsoft\WindowsApps;;.]
2021-2-2 15:50:46 main INFO Initializing Spring embedded WebApplicationContext
2021-2-2 15:50:46 main INFO Root WebApplicationContext: initialization completed in 1546 ms
2021-2-2 15:50:46 main INFO Initializing ExecutorService 'applicationTaskExecutor'
2021-2-2 15:50:46 main INFO Tomcat started on port(s): 10001 (http) with context path ''
2021-2-2 15:50:46 main INFO Started DockerApplication in 2.346 seconds (JVM running for 3.114)
2021-2-2 15:51:26 http-nio-10001-exec-2 INFO Initializing Spring DispatcherServlet 'dispatcherServlet'
2021-2-2 15:51:26 http-nio-10001-exec-2 INFO Initializing Servlet 'dispatcherServlet'
2021-2-2 15:51:26 http-nio-10001-exec-2 INFO Completed initialization in 3 ms
2021-2-2 16:05:54 Thread-4 INFO Shutting down ExecutorService 'applicationTaskExecutor'
2021-2-2 16:05:58 main INFO Starting DockerApplication on DESKTOP-3IT7K55 with PID 23720 (D:\idea_poj\testdocker\target\classes started by HP in D:\idea_poj\testdocker)
2021-2-2 16:05:58 main INFO No active profile set, falling back to default profiles: default
2021-2-2 16:06:00 main INFO Tomcat initialized with port(s): 10001 (http)
2021-2-2 16:06:00 main INFO Starting service [Tomcat]
2021-2-2 16:06:00 main INFO Starting Servlet engine: [Apache Tomcat/9.0.16]
2021-2-2 16:06:00 main INFO The APR based Apache Tomcat Native library which allows optimal performance in production environments was not found on the java.library.path: [D:\java\jdk1.8.0_231\bin;C:\Windows\Sun\Java\bin;C:\Windows\system32;C:\Windows;D:\xshell6\;C:\Program Files (x86)\Common Files\Oracle\Java\javapath;C:\Windows\system32;C:\Windows;C:\Windows\System32\Wbem;C:\Windows\System32\WindowsPowerShell\v1.0\;C:\Windows\System32\OpenSSH\;D:\java\jdk1.8.0_231\bin;D:\java\jdk1.8.0_231\jre\bin;D:\Git\cmd;D:\mysql-5.7.30-winx64\bin;D:\rocketmq-all-4.7.1-bin-release\bin;D:\apache-maven-3.6.1\bin;D:\redis\redis;D:\rabbitmq\erl-23.1\bin;D:\rabbitmq\rabbitmq-server-3.8.9\rabbitmq_server-3.8.9\sbin;;C:\Program Files\Docker\Docker\resources\bin;C:\ProgramData\DockerDesktop\version-bin;C:\Users\HP\AppData\Local\Microsoft\WindowsApps;;.]
2021-2-2 16:06:00 main INFO Initializing Spring embedded WebApplicationContext
2021-2-2 16:06:00 main INFO Root WebApplicationContext: initialization completed in 1476 ms
2021-2-2 16:06:00 main INFO Initializing ExecutorService 'applicationTaskExecutor'
2021-2-2 16:06:00 main INFO Tomcat started on port(s): 10001 (http) with context path ''
2021-2-2 16:06:00 main INFO Started DockerApplication in 2.251 seconds (JVM running for 3.053)
2021-2-2 16:08:00 http-nio-10001-exec-2 INFO Initializing Spring DispatcherServlet 'dispatcherServlet'
2021-2-2 16:08:00 http-nio-10001-exec-2 INFO Initializing Servlet 'dispatcherServlet'
2021-2-2 16:08:00 http-nio-10001-exec-2 INFO Completed initialization in 4 ms
2021-2-2 16:28:34 Thread-4 INFO Shutting down ExecutorService 'applicationTaskExecutor'
2021-2-2 16:28:38 main INFO Starting DockerApplication on DESKTOP-3IT7K55 with PID 10680 (D:\idea_poj\testdocker\target\classes started by HP in D:\idea_poj\testdocker)
2021-2-2 16:28:38 main INFO No active profile set, falling back to default profiles: default
2021-2-2 16:28:39 main INFO Tomcat initialized with port(s): 10001 (http)
2021-2-2 16:28:39 main INFO Starting service [Tomcat]
2021-2-2 16:28:39 main INFO Starting Servlet engine: [Apache Tomcat/9.0.16]
2021-2-2 16:28:39 main INFO The APR based Apache Tomcat Native library which allows optimal performance in production environments was not found on the java.library.path: [D:\java\jdk1.8.0_231\bin;C:\Windows\Sun\Java\bin;C:\Windows\system32;C:\Windows;D:\xshell6\;C:\Program Files (x86)\Common Files\Oracle\Java\javapath;C:\Windows\system32;C:\Windows;C:\Windows\System32\Wbem;C:\Windows\System32\WindowsPowerShell\v1.0\;C:\Windows\System32\OpenSSH\;D:\java\jdk1.8.0_231\bin;D:\java\jdk1.8.0_231\jre\bin;D:\Git\cmd;D:\mysql-5.7.30-winx64\bin;D:\rocketmq-all-4.7.1-bin-release\bin;D:\apache-maven-3.6.1\bin;D:\redis\redis;D:\rabbitmq\erl-23.1\bin;D:\rabbitmq\rabbitmq-server-3.8.9\rabbitmq_server-3.8.9\sbin;;C:\Program Files\Docker\Docker\resources\bin;C:\ProgramData\DockerDesktop\version-bin;C:\Users\HP\AppData\Local\Microsoft\WindowsApps;;.]
2021-2-2 16:28:39 main INFO Initializing Spring embedded WebApplicationContext
2021-2-2 16:28:39 main INFO Root WebApplicationContext: initialization completed in 1463 ms
2021-2-2 16:28:40 main INFO Initializing ExecutorService 'applicationTaskExecutor'
2021-2-2 16:28:40 main INFO Tomcat started on port(s): 10001 (http) with context path ''
2021-2-2 16:28:40 main INFO Started DockerApplication in 2.228 seconds (JVM running for 3.016)
